<?xml version="1.0" encoding="UTF-8"?>
<!-- Generated by org.testng.reporters.JUnitXMLReporter -->
<testsuite hostname="Dell-Laptop" name="Default test" tests="7" failures="0" timestamp="12 Feb 2016 08:16:56 GMT" time="55.147" errors="0">
  <testcase name="invalidCart" time="2.696" classname="com.webdriver.na.junglesocks.test.ConfirmationPageTest"/>
  <testcase name="verifyCatalogPricing" time="1.455" classname="com.webdriver.na.junglesocks.test.ConfirmationPageTest"/>
  <testcase name="verifySalesTax" time="3.088" classname="com.webdriver.na.junglesocks.test.ConfirmationPageTest"/>
  <testcase name="verifySalesTax" time="3.462" classname="com.webdriver.na.junglesocks.test.ConfirmationPageTest"/>
  <testcase name="verifySalesTax" time="3.102" classname="com.webdriver.na.junglesocks.test.ConfirmationPageTest"/>
  <testcase name="verifySalesTax" time="3.183" classname="com.webdriver.na.junglesocks.test.ConfirmationPageTest"/>
  <testcase name="verifySalesTax" time="2.541" classname="com.webdriver.na.junglesocks.test.ConfirmationPageTest"/>
</testsuite> <!-- Default test -->
