<?xml version="1.0" encoding="UTF-8"?>
<!-- Generated by org.testng.reporters.JUnitXMLReporter -->
<testsuite hostname="Dell-Laptop" name="testJungleSocks_Chrome" tests="7" failures="0" timestamp="12 Feb 2016 06:59:11 GMT" time="44.646" errors="0">
  <testcase name="verifySalesTax" time="3.774" classname="com.webdriver.na.junglesocks.test.ConfirmationPageTest"/>
  <testcase name="verifySalesTax" time="3.67" classname="com.webdriver.na.junglesocks.test.ConfirmationPageTest"/>
  <testcase name="verifySalesTax" time="3.579" classname="com.webdriver.na.junglesocks.test.ConfirmationPageTest"/>
  <testcase name="verifySalesTax" time="3.767" classname="com.webdriver.na.junglesocks.test.ConfirmationPageTest"/>
  <testcase name="verifySalesTax" time="3.015" classname="com.webdriver.na.junglesocks.test.ConfirmationPageTest"/>
  <testcase name="invalidCart" time="2.916" classname="com.webdriver.na.junglesocks.test.ConfirmationPageTest"/>
  <testcase name="verifyCatalogPricing" time="1.894" classname="com.webdriver.na.junglesocks.test.ConfirmationPageTest"/>
</testsuite> <!-- testJungleSocks_Chrome -->
