<?xml version="1.0" encoding="UTF-8"?>
<!-- Generated by org.testng.reporters.JUnitXMLReporter -->
<testsuite hostname="Dell-Laptop" name="testJungleSocks_Firefox" tests="7" failures="0" timestamp="12 Feb 2016 08:34:19 GMT" time="55.153" errors="0">
  <testcase name="verifySalesTax" time="3.5" classname="com.webdriver.na.junglesocks.test.ConfirmationPageTest"/>
  <testcase name="verifySalesTax" time="3.181" classname="com.webdriver.na.junglesocks.test.ConfirmationPageTest"/>
  <testcase name="verifySalesTax" time="3.105" classname="com.webdriver.na.junglesocks.test.ConfirmationPageTest"/>
  <testcase name="verifySalesTax" time="3.18" classname="com.webdriver.na.junglesocks.test.ConfirmationPageTest"/>
  <testcase name="verifySalesTax" time="2.535" classname="com.webdriver.na.junglesocks.test.ConfirmationPageTest"/>
  <testcase name="invalidCart" time="1.976" classname="com.webdriver.na.junglesocks.test.ConfirmationPageTest"/>
  <testcase name="verifyCatalogPricing" time="2.059" classname="com.webdriver.na.junglesocks.test.ConfirmationPageTest"/>
</testsuite> <!-- testJungleSocks_Firefox -->
